<?xml version="1.0" encoding="UTF-8"?>
<!-- Generated by org.testng.reporters.JUnitXMLReporter -->
<testsuite hostname="VivekanandYG" name="Test" tests="4" failures="0" timestamp="24 Jun 2016 17:28:33 GMT" time="16.358" errors="0">
  <testcase name="Login" time="11.386" classname="Package.TestNG.LoginPage"/>
  <testcase name="flightinfo" time="1.511" classname="Package.TestNG.FlightDetails"/>
  <testcase name="Flight" time="2.001" classname="Package.TestNG.SelectFlight"/>
  <testcase name="flightdetails" time="1.42" classname="Package.TestNG.BookFlight"/>
</testsuite> <!-- Test -->
