<?xml version="1.0" encoding="UTF-8"?>
<testng-results skipped="0" failed="0" total="4" passed="4">
  <reporter-output>
  </reporter-output>
  <suite name="Suite" duration-ms="16358" started-at="2016-06-24T17:28:16Z" finished-at="2016-06-24T17:28:33Z">
    <groups>
    </groups>
    <test name="Test" duration-ms="16358" started-at="2016-06-24T17:28:16Z" finished-at="2016-06-24T17:28:33Z">
      <class name="Package.TestNG.BookFlight">
        <test-method status="PASS" signature="flightdetails()[pri:0, instance:Package.TestNG.BookFlight@4cd3e796]" name="flightdetails" duration-ms="1420" started-at="2016-06-24T22:58:31Z" finished-at="2016-06-24T22:58:33Z">
          <reporter-output>
          </reporter-output>
        </test-method> <!-- flightdetails -->
      </class> <!-- Package.TestNG.BookFlight -->
      <class name="Package.TestNG.LoginPage">
        <test-method status="PASS" signature="Login()[pri:0, instance:Package.TestNG.LoginPage@44175c06]" name="Login" duration-ms="11386" started-at="2016-06-24T22:58:16Z" finished-at="2016-06-24T22:58:28Z">
          <reporter-output>
          </reporter-output>
        </test-method> <!-- Login -->
      </class> <!-- Package.TestNG.LoginPage -->
      <class name="Package.TestNG.SelectFlight">
        <test-method status="PASS" signature="Flight()[pri:0, instance:Package.TestNG.SelectFlight@599ab0d6]" name="Flight" duration-ms="2001" started-at="2016-06-24T22:58:29Z" finished-at="2016-06-24T22:58:31Z">
          <reporter-output>
          </reporter-output>
        </test-method> <!-- Flight -->
      </class> <!-- Package.TestNG.SelectFlight -->
      <class name="Package.TestNG.FlightDetails">
        <test-method status="PASS" signature="flightinfo()[pri:0, instance:Package.TestNG.FlightDetails@3acfdf8f]" name="flightinfo" duration-ms="1511" started-at="2016-06-24T22:58:28Z" finished-at="2016-06-24T22:58:29Z">
          <reporter-output>
          </reporter-output>
        </test-method> <!-- flightinfo -->
      </class> <!-- Package.TestNG.FlightDetails -->
    </test> <!-- Test -->
  </suite> <!-- Suite -->
</testng-results>
